<?xml version="1.0" encoding="UTF-8"?>
<testsuite xmlns:xsi="http://www.w3.org/2001/XMLSchema-instance" xsi:noNamespaceSchemaLocation="https://maven.apache.org/surefire/maven-surefire-plugin/xsd/surefire-test-report.xsd" version="3.0.2" name="com.team.build.mindtech.MindtechApplicationTests" time="5.828" tests="1" errors="0" skipped="0" failures="0">
  <properties>
[...]
</properties>
  <testcase name="contextLoads" classname="com.team.build.mindtech.MindtechApplicationTests" time="1.167">
    <system-out><![CDATA[21:56:18.429 [main] INFO org.springframework.test.context.support.AnnotationConfigContextLoaderUtils -- Could not detect default configuration classes for test class [com.team.build.mindtech.MindtechApplicationTests]: MindtechApplicationTests does not declare any static, non-private, non-final, nested classes annotated with @Configuration.
21:56:18.801 [main] INFO org.springframework.boot.test.context.SpringBootTestContextBootstrapper -- Found @SpringBootConfiguration com.team.build.mindtech.MindtechApplication for test class com.team.build.mindtech.MindtechApplicationTests
21:56:19.292 [main] INFO org.springframework.boot.devtools.restart.RestartApplicationListener -- Restart disabled due to context in which it is running

  .   ____          _            __ _ _
 /\\ / ___'_ __ _ _(_)_ __  __ _ \ \ \ \
( ( )\___ | '_ | '_| | '_ \/ _` | \ \ \ \
 \\/  ___)| |_)| | | | | || (_| |  ) ) ) )
  '  |____| .__|_| |_|_| |_\__, | / / / /
 =========|_|==============|___/=/_/_/_/

 :: Spring Boot ::                (v4.0.2)

2026-02-10T21:56:19.849-03:00  INFO 6820 --- [mindtech] [           main] c.t.b.mindtech.MindtechApplicationTests  : Starting MindtechApplicationTests using Java 25.0.2 with PID 6820 (started by cassa in C:\Users\cassa\Desktop\mindtech\mindtech)
2026-02-10T21:56:19.850-03:00  INFO 6820 --- [mindtech] [           main] c.t.b.mindtech.MindtechApplicationTests  : No active profile set, falling back to 1 default profile: "default"
2026-02-10T21:56:22.549-03:00  INFO 6820 --- [mindtech] [           main] c.t.b.mindtech.MindtechApplicationTests  : Started MindtechApplicationTests in 3.294 seconds (process running for 5.647)
]]></system-out>
    <system-err><![CDATA[Mockito is currently self-attaching to enable the inline-mock-maker. This will no longer work in future releases of the JDK. Please add Mockito as an agent to your build as described in Mockito's documentation: https://javadoc.io/doc/org.mockito/mockito-core/latest/org.mockito/org/mockito/Mockito.html#0.3
WARNING: A Java agent has been loaded dynamically (C:\Users\cassa\.m2\repository\net\bytebuddy\byte-buddy-agent\1.17.8\byte-buddy-agent-1.17.8.jar)
WARNING: If a serviceability tool is in use, please run with -XX:+EnableDynamicAgentLoading to hide this warning
WARNING: If a serviceability tool is not in use, please run with -Djdk.instrument.traceUsage for more information
WARNING: Dynamic loading of agents will be disallowed by default in a future release
]]></system-err>
  </testcase>
</testsuite>